2023-09-22 18:38:17.152 [info] Log level: Info
2023-09-22 18:38:17.152 [info] Validating found git in: "git"
2023-09-22 18:38:17.237 [info] Using git "2.30.2" from "git"
2023-09-22 18:38:17.263 [info] > git rev-parse --show-toplevel [14ms]
2023-09-22 18:38:17.263 [info] fatal: not a git repository (or any of the parent directories): .git
2023-09-22 18:38:17.277 [info] > git rev-parse --show-toplevel [6ms]
2023-09-22 18:38:17.277 [info] fatal: not a git repository (or any of the parent directories): .git
2023-09-22 18:38:17.288 [info] > git rev-parse --show-toplevel [4ms]
2023-09-22 18:38:17.288 [info] fatal: not a git repository (or any of the parent directories): .git
2023-09-22 18:38:17.300 [info] > git rev-parse --show-toplevel [6ms]
2023-09-22 18:38:17.300 [info] fatal: not a git repository (or any parent up to mount point /)
Stopping at filesystem boundary (GIT_DISCOVERY_ACROSS_FILESYSTEM not set).
2023-09-22 18:38:17.309 [info] > git rev-parse --show-toplevel [4ms]
2023-09-22 18:38:17.309 [info] fatal: not a git repository (or any of the parent directories): .git
2023-09-22 18:38:17.319 [info] > git rev-parse --show-toplevel [2ms]
2023-09-22 18:38:17.319 [info] fatal: not a git repository (or any of the parent directories): .git
2023-09-22 18:38:17.346 [info] > git rev-parse --show-toplevel [10ms]
2023-09-22 18:38:17.346 [info] fatal: not a git repository (or any of the parent directories): .git
2023-09-22 18:38:17.357 [info] > git rev-parse --show-toplevel [2ms]
2023-09-22 18:38:17.357 [info] fatal: not a git repository (or any of the parent directories): .git
2023-09-22 18:38:17.401 [info] > git rev-parse --show-toplevel [30ms]
2023-09-22 18:38:17.401 [info] fatal: not a git repository (or any of the parent directories): .git
2023-09-22 18:38:17.446 [info] > git rev-parse --show-toplevel [36ms]
2023-09-22 18:38:17.446 [info] fatal: not a git repository (or any of the parent directories): .git
2023-09-22 18:38:17.464 [info] > git rev-parse --show-toplevel [3ms]
2023-09-22 18:38:17.464 [info] fatal: not a git repository (or any parent up to mount point /)
Stopping at filesystem boundary (GIT_DISCOVERY_ACROSS_FILESYSTEM not set).
2023-09-22 18:38:17.487 [info] > git rev-parse --show-toplevel [14ms]
2023-09-22 18:38:17.487 [info] fatal: not a git repository (or any of the parent directories): .git
2023-09-22 18:38:17.532 [info] > git rev-parse --show-toplevel [14ms]
2023-09-22 18:38:17.532 [info] fatal: not a git repository (or any parent up to mount point /)
Stopping at filesystem boundary (GIT_DISCOVERY_ACROSS_FILESYSTEM not set).
2023-09-22 18:38:17.546 [info] > git rev-parse --show-toplevel [4ms]
2023-09-22 18:38:17.546 [info] fatal: not a git repository (or any of the parent directories): .git
2023-09-22 18:38:17.579 [info] > git rev-parse --show-toplevel [24ms]
2023-09-22 18:38:17.579 [info] fatal: not a git repository (or any of the parent directories): .git
2023-09-22 18:38:17.592 [info] > git rev-parse --show-toplevel [7ms]
2023-09-22 18:38:17.592 [info] fatal: not a git repository (or any parent up to mount point /)
Stopping at filesystem boundary (GIT_DISCOVERY_ACROSS_FILESYSTEM not set).
2023-09-22 18:38:17.612 [info] > git rev-parse --show-toplevel [8ms]
2023-09-22 18:38:17.614 [info] fatal: not a git repository (or any of the parent directories): .git
2023-09-22 18:38:17.640 [info] > git rev-parse --show-toplevel [2ms]
2023-09-22 18:38:17.640 [info] fatal: not a git repository (or any of the parent directories): .git
2023-09-22 18:38:17.660 [info] > git rev-parse --show-toplevel [2ms]
2023-09-22 18:38:17.660 [info] fatal: not a git repository (or any of the parent directories): .git
2023-09-22 18:38:17.675 [info] > git rev-parse --show-toplevel [3ms]
2023-09-22 18:38:17.675 [info] fatal: not a git repository (or any of the parent directories): .git
2023-09-22 18:38:17.696 [info] > git rev-parse --show-toplevel [4ms]
2023-09-22 18:38:17.696 [info] fatal: not a git repository (or any of the parent directories): .git
