2023-09-22 12:54:13.279 [info] [perf] Render performance baseline is 56ms
2023-09-22 14:35:41.475 [info] UNRESPONSIVE extension host: received responsive event and cancelling profiling session
2023-09-22 14:35:42.947 [info] UNRESPONSIVE extension host: received responsive event and cancelling profiling session
2023-09-22 14:36:00.018 [info] UNRESPONSIVE extension host: received responsive event and cancelling profiling session
2023-09-22 15:21:20.458 [error] Cannot read properties of undefined (reading 'toString'): TypeError: Cannot read properties of undefined (reading 'toString')
    at /usr/share/code/resources/app/extensions/emmet/dist/node/emmetNodeMain.js:1:162923
    at Array.some (<anonymous>)
    at g (/usr/share/code/resources/app/extensions/emmet/dist/node/emmetNodeMain.js:1:162864)
    at e (/usr/share/code/resources/app/extensions/emmet/dist/node/emmetNodeMain.js:1:164874)
    at t.$S.b (/usr/share/code/resources/app/extensions/emmet/dist/node/emmetNodeMain.js:1:129546)
    at t.$S.provideCompletionItems (/usr/share/code/resources/app/extensions/emmet/dist/node/emmetNodeMain.js:1:128540)
    at pe.provideCompletionItems (/usr/share/code/resources/app/out/vs/workbench/api/node/extensionHostProcess.js:109:51171)
    at /usr/share/code/resources/app/out/vs/workbench/api/node/extensionHostProcess.js:109:72217
    at he.t (/usr/share/code/resources/app/out/vs/workbench/api/node/extensionHostProcess.js:109:64110)
    at he.$provideCompletionItems (/usr/share/code/resources/app/out/vs/workbench/api/node/extensionHostProcess.js:109:72203)
    at i.N (/usr/share/code/resources/app/out/vs/workbench/api/node/extensionHostProcess.js:116:10813)
    at i.M (/usr/share/code/resources/app/out/vs/workbench/api/node/extensionHostProcess.js:116:10579)
    at i.H (/usr/share/code/resources/app/out/vs/workbench/api/node/extensionHostProcess.js:116:9621)
    at i.G (/usr/share/code/resources/app/out/vs/workbench/api/node/extensionHostProcess.js:116:8736)
    at n.value (/usr/share/code/resources/app/out/vs/workbench/api/node/extensionHostProcess.js:116:7566)
    at m.w (/usr/share/code/resources/app/out/vs/workbench/api/node/extensionHostProcess.js:63:1902)
    at m.fire (/usr/share/code/resources/app/out/vs/workbench/api/node/extensionHostProcess.js:63:2119)
    at w.fire (/usr/share/code/resources/app/out/vs/workbench/api/node/extensionHostProcess.js:79:13940)
    at n.value (/usr/share/code/resources/app/out/vs/workbench/api/node/extensionHostProcess.js:135:7901)
    at m.w (/usr/share/code/resources/app/out/vs/workbench/api/node/extensionHostProcess.js:63:1902)
    at m.fire (/usr/share/code/resources/app/out/vs/workbench/api/node/extensionHostProcess.js:63:2119)
    at w.fire (/usr/share/code/resources/app/out/vs/workbench/api/node/extensionHostProcess.js:79:13940)
    at MessagePortMain.<anonymous> (/usr/share/code/resources/app/out/vs/workbench/api/node/extensionHostProcess.js:135:6181)
    at MessagePortMain.emit (node:events:513:28)
    at Object.MessagePortMain._internalPort.emit (node:electron/js2c/utility_init:2:367)
2023-09-22 16:06:16.392 [info] UNRESPONSIVE extension host: received responsive event and cancelling profiling session
