2023-09-22 12:54:10.102 [info] Added views:workbench.panel.markers.view in workbench.panel.markers
2023-09-22 12:54:10.102 [info] Added views:workbench.panel.output in workbench.panel.output
2023-09-22 12:54:10.102 [info] Added views:terminal in terminal
2023-09-22 12:54:10.102 [info] Added views:outline in workbench.view.explorer
2023-09-22 12:54:10.102 [info] Added views:workbench.scm in workbench.view.scm
2023-09-22 12:54:10.102 [info] Added views:workbench.view.search in workbench.view.search
2023-09-22 12:54:10.102 [info] Added views:timeline in workbench.view.explorer
2023-09-22 12:54:10.102 [info] Added views:workbench.explorer.fileView in workbench.view.explorer
2023-09-22 12:54:10.968 [info] Added views:workbench.debug.variablesView,workbench.debug.watchExpressionsView,workbench.debug.callStackView,workbench.debug.breakPointsView in workbench.view.debug
2023-09-22 12:54:11.030 [info] Added views:workbench.panel.repl.view in workbench.panel.repl
2023-09-22 12:54:11.033 [info] Removed views:workbench.debug.breakPointsView,workbench.debug.callStackView,workbench.debug.watchExpressionsView,workbench.debug.variablesView from workbench.view.debug
2023-09-22 12:54:11.035 [info] Added views:workbench.debug.welcome in workbench.view.debug
2023-09-22 12:54:11.718 [info] Added views:~remote.forwardedPorts in ~remote.forwardedPortsContainer
2023-09-22 13:38:50.841 [info] Added views:workbench.views.extensions.installed,workbench.views.extensions.popular,extensions.recommendedList in workbench.view.extensions
2023-09-22 13:38:50.844 [info] Removed views:workbench.views.extensions.popular from workbench.view.extensions
2023-09-22 13:38:51.350 [info] Added views:workbench.views.extensions.popular in workbench.view.extensions
2023-09-22 13:55:46.561 [info] Removed views:extensions.recommendedList,workbench.views.extensions.popular,workbench.views.extensions.installed from workbench.view.extensions
2023-09-22 13:55:46.592 [info] Added views:workbench.views.extensions.marketplace in workbench.view.extensions
2023-09-22 13:55:47.578 [info] Removed views:workbench.views.extensions.marketplace from workbench.view.extensions
2023-09-22 13:55:47.635 [info] Added views:workbench.views.extensions.installed,workbench.views.extensions.popular,extensions.recommendedList in workbench.view.extensions
2023-09-22 13:55:49.130 [info] Removed views:extensions.recommendedList,workbench.views.extensions.popular,workbench.views.extensions.installed from workbench.view.extensions
2023-09-22 13:55:49.154 [info] Added views:workbench.views.extensions.marketplace in workbench.view.extensions
