2023-09-22 18:39:13.210 [info] Extension host with pid 3708 started
2023-09-22 18:39:13.210 [info] Skipping acquiring lock for /opt/lampp/htdocs/colegio/olimpiadas2023/User/workspaceStorage/02563f050712b98cf51f79ee4389024c.
2023-09-22 18:39:13.337 [info] ExtensionService#_doActivateExtension vscode.emmet, startup: false, activationEvent: 'onLanguage'
2023-09-22 18:39:13.363 [info] ExtensionService#_doActivateExtension vscode.php-language-features, startup: false, activationEvent: 'onLanguage:php'
2023-09-22 18:39:13.584 [info] ExtensionService#_doActivateExtension vscode.git-base, startup: true, activationEvent: '*', root cause: vscode.git
2023-09-22 18:39:13.589 [info] ExtensionService#_doActivateExtension formulahendry.auto-close-tag, startup: true, activationEvent: '*'
2023-09-22 18:39:13.598 [info] ExtensionService#_doActivateExtension formulahendry.auto-rename-tag, startup: true, activationEvent: '*'
2023-09-22 18:39:13.629 [info] ExtensionService#_doActivateExtension vscode.npm, startup: true, activationEvent: 'workspaceContains:package.json'
2023-09-22 18:39:13.801 [info] ExtensionService#_doActivateExtension vscode.git, startup: true, activationEvent: '*'
2023-09-22 18:39:13.889 [info] ExtensionService#_doActivateExtension vscode.github, startup: true, activationEvent: '*'
2023-09-22 18:39:14.471 [warning] [Decorations] CAPPING events from decorations provider vscode.git 526
2023-09-22 18:39:14.798 [warning] [Decorations] CAPPING events from decorations provider vscode.git 526
2023-09-22 18:39:15.323 [info] ExtensionService#_doActivateExtension vscode.github-authentication, startup: false, activationEvent: 'onAuthenticationRequest:github'
2023-09-22 18:39:15.364 [info] Eager extensions activated
2023-09-22 18:39:15.386 [info] ExtensionService#_doActivateExtension vscode.debug-auto-launch, startup: false, activationEvent: 'onStartupFinished'
2023-09-22 18:39:15.407 [info] ExtensionService#_doActivateExtension vscode.merge-conflict, startup: false, activationEvent: 'onStartupFinished'
2023-09-22 18:39:17.142 [info] ExtensionService#_doActivateExtension vscode.microsoft-authentication, startup: false, activationEvent: 'onAuthenticationRequest:microsoft'
2023-09-22 18:39:19.677 [warning] [Decorations] CAPPING events from decorations provider vscode.git 531
2023-09-22 18:39:24.746 [warning] [Decorations] CAPPING events from decorations provider vscode.git 531
2023-09-22 18:39:29.799 [warning] [Decorations] CAPPING events from decorations provider vscode.git 531
2023-09-22 18:39:34.873 [warning] [Decorations] CAPPING events from decorations provider vscode.git 531
2023-09-22 18:39:39.933 [warning] [Decorations] CAPPING events from decorations provider vscode.git 531
2023-09-22 18:39:44.999 [warning] [Decorations] CAPPING events from decorations provider vscode.git 531
2023-09-22 18:39:50.069 [warning] [Decorations] CAPPING events from decorations provider vscode.git 531
2023-09-22 18:39:55.120 [warning] [Decorations] CAPPING events from decorations provider vscode.git 531
2023-09-22 18:40:00.171 [warning] [Decorations] CAPPING events from decorations provider vscode.git 531
2023-09-22 18:40:05.212 [warning] [Decorations] CAPPING events from decorations provider vscode.git 531
2023-09-22 18:40:10.284 [warning] [Decorations] CAPPING events from decorations provider vscode.git 531
2023-09-22 18:40:15.356 [warning] [Decorations] CAPPING events from decorations provider vscode.git 530
2023-09-22 18:40:20.431 [warning] [Decorations] CAPPING events from decorations provider vscode.git 530
2023-09-22 18:40:25.496 [warning] [Decorations] CAPPING events from decorations provider vscode.git 530
2023-09-22 18:40:30.565 [warning] [Decorations] CAPPING events from decorations provider vscode.git 530
2023-09-22 18:40:35.621 [warning] [Decorations] CAPPING events from decorations provider vscode.git 530
2023-09-22 18:40:40.683 [warning] [Decorations] CAPPING events from decorations provider vscode.git 530
2023-09-22 18:40:45.759 [warning] [Decorations] CAPPING events from decorations provider vscode.git 530
2023-09-22 18:40:50.832 [warning] [Decorations] CAPPING events from decorations provider vscode.git 530
2023-09-22 18:40:55.909 [warning] [Decorations] CAPPING events from decorations provider vscode.git 530
2023-09-22 18:41:00.974 [warning] [Decorations] CAPPING events from decorations provider vscode.git 530
2023-09-22 18:41:06.047 [warning] [Decorations] CAPPING events from decorations provider vscode.git 530
2023-09-22 18:41:11.112 [warning] [Decorations] CAPPING events from decorations provider vscode.git 530
2023-09-22 18:41:16.174 [warning] [Decorations] CAPPING events from decorations provider vscode.git 530
2023-09-22 18:41:21.239 [warning] [Decorations] CAPPING events from decorations provider vscode.git 530
2023-09-22 18:41:26.309 [warning] [Decorations] CAPPING events from decorations provider vscode.git 530
2023-09-22 18:41:31.374 [warning] [Decorations] CAPPING events from decorations provider vscode.git 530
2023-09-22 18:42:52.469 [warning] [Decorations] CAPPING events from decorations provider vscode.git 530
2023-09-22 18:42:57.538 [warning] [Decorations] CAPPING events from decorations provider vscode.git 530
2023-09-22 18:43:05.965 [warning] [Decorations] CAPPING events from decorations provider vscode.git 530
2023-09-22 18:43:11.029 [warning] [Decorations] CAPPING events from decorations provider vscode.git 530
2023-09-22 18:43:16.091 [warning] [Decorations] CAPPING events from decorations provider vscode.git 530
2023-09-22 18:43:21.164 [warning] [Decorations] CAPPING events from decorations provider vscode.git 530
2023-09-22 18:43:26.227 [warning] [Decorations] CAPPING events from decorations provider vscode.git 530
2023-09-22 18:43:31.290 [warning] [Decorations] CAPPING events from decorations provider vscode.git 530
2023-09-22 18:43:36.352 [warning] [Decorations] CAPPING events from decorations provider vscode.git 530
2023-09-22 18:43:41.414 [warning] [Decorations] CAPPING events from decorations provider vscode.git 530
2023-09-22 18:43:46.477 [warning] [Decorations] CAPPING events from decorations provider vscode.git 530
2023-09-22 18:43:51.540 [warning] [Decorations] CAPPING events from decorations provider vscode.git 530
2023-09-22 18:43:56.605 [warning] [Decorations] CAPPING events from decorations provider vscode.git 530
2023-09-22 18:44:01.673 [warning] [Decorations] CAPPING events from decorations provider vscode.git 530
2023-09-22 18:44:06.744 [warning] [Decorations] CAPPING events from decorations provider vscode.git 530
2023-09-22 18:44:11.813 [warning] [Decorations] CAPPING events from decorations provider vscode.git 530
2023-09-22 18:44:16.882 [warning] [Decorations] CAPPING events from decorations provider vscode.git 530
2023-09-22 18:44:21.932 [warning] [Decorations] CAPPING events from decorations provider vscode.git 530
2023-09-22 18:44:27.002 [warning] [Decorations] CAPPING events from decorations provider vscode.git 530
2023-09-22 18:44:32.066 [warning] [Decorations] CAPPING events from decorations provider vscode.git 530
2023-09-22 18:44:32.739 [info] Extension host terminating: renderer closed the MessagePort
2023-09-22 18:44:32.764 [error] Canceled: Canceled
    at new h (/usr/share/code/resources/app/out/vs/workbench/api/node/extensionHostProcess.js:107:57382)
    at i.O (/usr/share/code/resources/app/out/vs/workbench/api/node/extensionHostProcess.js:116:10850)
    at Proxy.j.<computed>.T.charCodeAt.j.<computed> (/usr/share/code/resources/app/out/vs/workbench/api/node/extensionHostProcess.js:116:8289)
    at r.g (/usr/share/code/resources/app/out/vs/workbench/api/node/extensionHostProcess.js:107:82208)
    at r.executeCommand (/usr/share/code/resources/app/out/vs/workbench/api/node/extensionHostProcess.js:107:81646)
    at u.registerCommand.description (/usr/share/code/resources/app/out/vs/workbench/api/node/extensionHostProcess.js:107:80967)
    at r.h (/usr/share/code/resources/app/out/vs/workbench/api/node/extensionHostProcess.js:107:82744)
    at r.g (/usr/share/code/resources/app/out/vs/workbench/api/node/extensionHostProcess.js:107:81739)
    at r.executeCommand (/usr/share/code/resources/app/out/vs/workbench/api/node/extensionHostProcess.js:107:81646)
    at Object.executeCommand (/usr/share/code/resources/app/out/vs/workbench/api/node/extensionHostProcess.js:122:21247)
    at n.D [as value] (/usr/share/code/resources/app/extensions/git/dist/main.js:2:1309000)
    at m.w (/usr/share/code/resources/app/out/vs/workbench/api/node/extensionHostProcess.js:63:1902)
    at m.x (/usr/share/code/resources/app/out/vs/workbench/api/node/extensionHostProcess.js:63:1972)
    at m.fire (/usr/share/code/resources/app/out/vs/workbench/api/node/extensionHostProcess.js:63:2188)
    at Object.m [as dispose] (/usr/share/code/resources/app/extensions/git/dist/main.js:2:1324784)
    at /usr/share/code/resources/app/extensions/git/dist/main.js:2:1329625
    at Array.forEach (<anonymous>)
    at g.dispose (/usr/share/code/resources/app/extensions/git/dist/main.js:2:1329611)
    at E.<anonymous> (/usr/share/code/resources/app/out/vs/workbench/api/node/extensionHostProcess.js:103:3484)
    at E.dispose (/usr/share/code/resources/app/out/vs/workbench/api/node/extensionHostProcess.js:103:3581)
    at E.<anonymous> (/usr/share/code/resources/app/extensions/git/dist/main.js:2:1311012)
    at E.dispose (/usr/share/code/resources/app/out/vs/workbench/api/node/extensionHostProcess.js:103:3581)
    at k (/usr/share/code/resources/app/out/vs/workbench/api/node/extensionHostProcess.js:13:11730)
    at n.Z (/usr/share/code/resources/app/out/vs/workbench/api/node/extensionHostProcess.js:118:9652)
    at /usr/share/code/resources/app/out/vs/workbench/api/node/extensionHostProcess.js:118:7585
    at Array.map (<anonymous>)
    at n.S (/usr/share/code/resources/app/out/vs/workbench/api/node/extensionHostProcess.js:118:7572)
    at n.terminate (/usr/share/code/resources/app/out/vs/workbench/api/node/extensionHostProcess.js:118:7844)
    at o.terminate (/usr/share/code/resources/app/out/vs/workbench/api/node/extensionHostProcess.js:122:1513)
    at D (/usr/share/code/resources/app/out/vs/workbench/api/node/extensionHostProcess.js:135:9800)
    at MessagePortMain.<anonymous> (/usr/share/code/resources/app/out/vs/workbench/api/node/extensionHostProcess.js:135:6225)
    at MessagePortMain.emit (node:events:513:28)
    at Object.MessagePortMain._internalPort.emit (node:electron/js2c/utility_init:2:367) setContext undefined
2023-09-22 18:44:32.778 [error] Canceled: Canceled
    at new h (/usr/share/code/resources/app/out/vs/workbench/api/node/extensionHostProcess.js:107:57382)
    at i.O (/usr/share/code/resources/app/out/vs/workbench/api/node/extensionHostProcess.js:116:10850)
    at Proxy.j.<computed>.T.charCodeAt.j.<computed> (/usr/share/code/resources/app/out/vs/workbench/api/node/extensionHostProcess.js:116:8289)
    at r.g (/usr/share/code/resources/app/out/vs/workbench/api/node/extensionHostProcess.js:107:82208)
    at r.executeCommand (/usr/share/code/resources/app/out/vs/workbench/api/node/extensionHostProcess.js:107:81646)
    at u.registerCommand.description (/usr/share/code/resources/app/out/vs/workbench/api/node/extensionHostProcess.js:107:80967)
    at r.h (/usr/share/code/resources/app/out/vs/workbench/api/node/extensionHostProcess.js:107:82744)
    at r.g (/usr/share/code/resources/app/out/vs/workbench/api/node/extensionHostProcess.js:107:81739)
    at r.executeCommand (/usr/share/code/resources/app/out/vs/workbench/api/node/extensionHostProcess.js:107:81646)
    at Object.executeCommand (/usr/share/code/resources/app/out/vs/workbench/api/node/extensionHostProcess.js:122:21247)
    at t.$D.set b [as b] (/usr/share/code/resources/app/extensions/github/dist/extension.js:2:714434)
    at /usr/share/code/resources/app/extensions/github/dist/extension.js:2:715075
    at n.value (/usr/share/code/resources/app/extensions/git/dist/main.js:2:1396602)
    at m.w (/usr/share/code/resources/app/out/vs/workbench/api/node/extensionHostProcess.js:63:1902)
    at m.x (/usr/share/code/resources/app/out/vs/workbench/api/node/extensionHostProcess.js:63:1972)
    at m.fire (/usr/share/code/resources/app/out/vs/workbench/api/node/extensionHostProcess.js:63:2188)
    at Object.m [as dispose] (/usr/share/code/resources/app/extensions/git/dist/main.js:2:1324784)
    at /usr/share/code/resources/app/extensions/git/dist/main.js:2:1329625
    at Array.forEach (<anonymous>)
    at g.dispose (/usr/share/code/resources/app/extensions/git/dist/main.js:2:1329611)
    at E.<anonymous> (/usr/share/code/resources/app/out/vs/workbench/api/node/extensionHostProcess.js:103:3484)
    at E.dispose (/usr/share/code/resources/app/out/vs/workbench/api/node/extensionHostProcess.js:103:3581)
    at E.<anonymous> (/usr/share/code/resources/app/extensions/git/dist/main.js:2:1311012)
    at E.dispose (/usr/share/code/resources/app/out/vs/workbench/api/node/extensionHostProcess.js:103:3581)
    at k (/usr/share/code/resources/app/out/vs/workbench/api/node/extensionHostProcess.js:13:11730)
    at n.Z (/usr/share/code/resources/app/out/vs/workbench/api/node/extensionHostProcess.js:118:9652)
    at /usr/share/code/resources/app/out/vs/workbench/api/node/extensionHostProcess.js:118:7585
    at Array.map (<anonymous>)
    at n.S (/usr/share/code/resources/app/out/vs/workbench/api/node/extensionHostProcess.js:118:7572)
    at n.terminate (/usr/share/code/resources/app/out/vs/workbench/api/node/extensionHostProcess.js:118:7844)
    at o.terminate (/usr/share/code/resources/app/out/vs/workbench/api/node/extensionHostProcess.js:122:1513)
    at D (/usr/share/code/resources/app/out/vs/workbench/api/node/extensionHostProcess.js:135:9800)
    at MessagePortMain.<anonymous> (/usr/share/code/resources/app/out/vs/workbench/api/node/extensionHostProcess.js:135:6225)
    at MessagePortMain.emit (node:events:513:28)
    at Object.MessagePortMain._internalPort.emit (node:electron/js2c/utility_init:2:367) setContext undefined
2023-09-22 18:44:34.293 [info] Extension host with pid 5065 started
2023-09-22 18:44:34.293 [info] Skipping acquiring lock for /opt/lampp/htdocs/colegio/olimpiadas2023/User/workspaceStorage/02563f050712b98cf51f79ee4389024c.
2023-09-22 18:44:34.554 [info] ExtensionService#_doActivateExtension vscode.emmet, startup: false, activationEvent: 'onLanguage'
2023-09-22 18:44:34.571 [info] ExtensionService#_doActivateExtension vscode.php-language-features, startup: false, activationEvent: 'onLanguage:php'
2023-09-22 18:44:34.765 [info] ExtensionService#_doActivateExtension vscode.git-base, startup: true, activationEvent: '*', root cause: vscode.git
2023-09-22 18:44:34.769 [info] ExtensionService#_doActivateExtension formulahendry.auto-close-tag, startup: true, activationEvent: '*'
2023-09-22 18:44:34.773 [info] ExtensionService#_doActivateExtension formulahendry.auto-rename-tag, startup: true, activationEvent: '*'
2023-09-22 18:44:34.798 [info] ExtensionService#_doActivateExtension vscode.npm, startup: true, activationEvent: 'workspaceContains:package.json'
2023-09-22 18:44:34.953 [info] ExtensionService#_doActivateExtension vscode.git, startup: true, activationEvent: '*'
2023-09-22 18:44:35.069 [info] ExtensionService#_doActivateExtension vscode.github, startup: true, activationEvent: '*'
2023-09-22 18:44:35.581 [warning] [Decorations] CAPPING events from decorations provider vscode.git 532
2023-09-22 18:44:35.958 [warning] [Decorations] CAPPING events from decorations provider vscode.git 532
2023-09-22 18:44:36.304 [info] Eager extensions activated
2023-09-22 18:44:36.350 [info] ExtensionService#_doActivateExtension vscode.debug-auto-launch, startup: false, activationEvent: 'onStartupFinished'
2023-09-22 18:44:36.365 [info] ExtensionService#_doActivateExtension vscode.merge-conflict, startup: false, activationEvent: 'onStartupFinished'
2023-09-22 18:44:37.762 [info] Extension host with pid 3708 exiting with code 0
2023-09-22 18:44:39.554 [info] ExtensionService#_doActivateExtension vscode.microsoft-authentication, startup: false, activationEvent: 'onAuthenticationRequest:microsoft'
2023-09-22 18:44:41.327 [warning] [Decorations] CAPPING events from decorations provider vscode.git 532
2023-09-22 18:44:46.396 [warning] [Decorations] CAPPING events from decorations provider vscode.git 533
2023-09-22 18:44:51.464 [warning] [Decorations] CAPPING events from decorations provider vscode.git 533
2023-09-22 18:44:56.532 [warning] [Decorations] CAPPING events from decorations provider vscode.git 533
2023-09-22 18:45:32.388 [warning] [Decorations] CAPPING events from decorations provider vscode.git 533
2023-09-22 18:45:57.711 [warning] [Decorations] CAPPING events from decorations provider vscode.git 533
2023-09-22 18:46:02.799 [warning] [Decorations] CAPPING events from decorations provider vscode.git 533
2023-09-22 18:47:34.266 [warning] [Decorations] CAPPING events from decorations provider vscode.git 533
2023-09-22 18:47:39.337 [warning] [Decorations] CAPPING events from decorations provider vscode.git 535
2023-09-22 18:48:24.308 [warning] [Decorations] CAPPING events from decorations provider vscode.git 535
