2023-09-22 18:39:12.478 [info] Added views:workbench.panel.markers.view in workbench.panel.markers
2023-09-22 18:39:12.479 [info] Added views:workbench.panel.output in workbench.panel.output
2023-09-22 18:39:12.479 [info] Added views:terminal in terminal
2023-09-22 18:39:12.479 [info] Added views:outline in workbench.view.explorer
2023-09-22 18:39:12.479 [info] Added views:workbench.scm in workbench.view.scm
2023-09-22 18:39:12.479 [info] Added views:workbench.view.search in workbench.view.search
2023-09-22 18:39:12.479 [info] Added views:timeline in workbench.view.explorer
2023-09-22 18:39:12.479 [info] Added views:workbench.explorer.fileView in workbench.view.explorer
2023-09-22 18:39:13.078 [info] Added views:workbench.debug.welcome in workbench.view.debug
2023-09-22 18:39:13.339 [info] Added views:workbench.panel.repl.view in workbench.panel.repl
2023-09-22 18:39:16.964 [info] Added views:~remote.forwardedPorts in ~remote.forwardedPortsContainer
2023-09-22 18:44:33.564 [info] Added views:workbench.panel.markers.view in workbench.panel.markers
2023-09-22 18:44:33.564 [info] Added views:workbench.panel.output in workbench.panel.output
2023-09-22 18:44:33.564 [info] Added views:terminal in terminal
2023-09-22 18:44:33.564 [info] Added views:outline in workbench.view.explorer
2023-09-22 18:44:33.564 [info] Added views:workbench.scm in workbench.view.scm
2023-09-22 18:44:33.564 [info] Added views:workbench.view.search in workbench.view.search
2023-09-22 18:44:33.564 [info] Added views:timeline in workbench.view.explorer
2023-09-22 18:44:33.564 [info] Added views:workbench.explorer.fileView in workbench.view.explorer
2023-09-22 18:44:33.805 [info] Added views:workbench.debug.welcome in workbench.view.debug
2023-09-22 18:44:34.570 [info] Added views:workbench.panel.repl.view in workbench.panel.repl
2023-09-22 18:44:39.428 [info] Added views:~remote.forwardedPorts in ~remote.forwardedPortsContainer
