2023-09-22 18:39:14.755 [info] Log level: Info
2023-09-22 18:39:14.755 [info] Validating found git in: "git"
2023-09-22 18:39:14.755 [info] Using git "2.30.2" from "git"
2023-09-22 18:39:14.755 [info] > git rev-parse --show-toplevel [18ms]
2023-09-22 18:39:14.755 [info] > git rev-parse --git-dir --git-common-dir [9ms]
2023-09-22 18:39:14.755 [info] Open repository: /opt/lampp/htdocs/colegio/olimpiadas2023
2023-09-22 18:39:14.755 [info] > git config --get commit.template [11ms]
2023-09-22 18:39:14.755 [info] > git rev-parse --show-toplevel [5ms]
2023-09-22 18:39:14.755 [info] > git for-each-ref --format=%(refname)%00%(upstream:short)%00%(objectname)%00%(upstream:track)%00%(upstream:remotename)%00%(upstream:remoteref) refs/heads/main refs/remotes/main [37ms]
2023-09-22 18:39:14.755 [info] > git rev-parse --show-toplevel [15ms]
2023-09-22 18:39:14.755 [info] > git rev-parse --show-toplevel [3ms]
2023-09-22 18:39:14.755 [info] > git rev-parse --show-toplevel [6ms]
2023-09-22 18:39:14.755 [info] > git status -z -uall [52ms]
2023-09-22 18:39:14.755 [info] > git rev-parse --show-toplevel [4ms]
2023-09-22 18:39:14.755 [info] > git rev-parse --show-toplevel [13ms]
2023-09-22 18:39:14.755 [info] > git config --get commit.template [42ms]
2023-09-22 18:39:14.755 [info] > git rev-parse --show-toplevel [18ms]
2023-09-22 18:39:14.755 [info] > git rev-parse --show-toplevel [155ms]
2023-09-22 18:39:14.755 [info] > git for-each-ref --format=%(refname)%00%(upstream:short)%00%(objectname)%00%(upstream:track)%00%(upstream:remotename)%00%(upstream:remoteref) refs/heads/main refs/remotes/main [165ms]
2023-09-22 18:39:14.773 [info] > git status -z -uall [61ms]
2023-09-22 18:39:14.773 [info] > git rev-parse --show-toplevel [50ms]
2023-09-22 18:39:14.815 [info] > git rev-parse --show-toplevel [5ms]
2023-09-22 18:39:14.829 [info] > git rev-parse --show-toplevel [3ms]
2023-09-22 18:39:14.854 [info] > git rev-parse --show-toplevel [9ms]
2023-09-22 18:39:15.163 [info] > git rev-parse --show-toplevel [277ms]
2023-09-22 18:39:15.253 [info] > git rev-parse --show-toplevel [58ms]
2023-09-22 18:39:15.264 [info] > git rev-parse --show-toplevel [1ms]
2023-09-22 18:39:15.274 [info] > git rev-parse --show-toplevel [2ms]
2023-09-22 18:39:15.301 [info] > git rev-parse --show-toplevel [5ms]
2023-09-22 18:39:15.313 [info] > git rev-parse --show-toplevel [3ms]
2023-09-22 18:39:15.365 [info] > git rev-parse --show-toplevel [43ms]
2023-09-22 18:39:15.396 [info] > git rev-parse --show-toplevel [10ms]
2023-09-22 18:39:15.425 [info] > git rev-parse --show-toplevel [18ms]
2023-09-22 18:39:15.734 [info] > git check-ignore -v -z --stdin [4ms]
2023-09-22 18:39:17.089 [info] > git check-ignore -v -z --stdin [1ms]
2023-09-22 18:39:17.251 [info] > git show --textconv :src/pages/ajax.php [41ms]
2023-09-22 18:39:17.254 [info] > git ls-files --stage -- /opt/lampp/htdocs/colegio/olimpiadas2023/src/pages/ajax.php [4ms]
2023-09-22 18:39:19.653 [info] > git config --get commit.template [23ms]
2023-09-22 18:39:19.656 [info] > git for-each-ref --format=%(refname)%00%(upstream:short)%00%(objectname)%00%(upstream:track)%00%(upstream:remotename)%00%(upstream:remoteref) refs/heads/main refs/remotes/main [4ms]
2023-09-22 18:39:19.667 [info] > git status -z -uall [4ms]
2023-09-22 18:39:20.770 [info] > git check-ignore -v -z --stdin [1ms]
2023-09-22 18:39:24.711 [info] > git config --get commit.template [7ms]
2023-09-22 18:39:24.725 [info] > git for-each-ref --format=%(refname)%00%(upstream:short)%00%(objectname)%00%(upstream:track)%00%(upstream:remotename)%00%(upstream:remoteref) refs/heads/main refs/remotes/main [2ms]
2023-09-22 18:39:24.740 [info] > git status -z -uall [5ms]
2023-09-22 18:39:29.774 [info] > git config --get commit.template [11ms]
2023-09-22 18:39:29.775 [info] > git for-each-ref --format=%(refname)%00%(upstream:short)%00%(objectname)%00%(upstream:track)%00%(upstream:remotename)%00%(upstream:remoteref) refs/heads/main refs/remotes/main [2ms]
2023-09-22 18:39:29.789 [info] > git status -z -uall [5ms]
2023-09-22 18:39:34.847 [info] > git config --get commit.template [19ms]
2023-09-22 18:39:34.848 [info] > git for-each-ref --format=%(refname)%00%(upstream:short)%00%(objectname)%00%(upstream:track)%00%(upstream:remotename)%00%(upstream:remoteref) refs/heads/main refs/remotes/main [3ms]
2023-09-22 18:39:34.866 [info] > git status -z -uall [1ms]
2023-09-22 18:39:39.914 [info] > git config --get commit.template [17ms]
2023-09-22 18:39:39.915 [info] > git for-each-ref --format=%(refname)%00%(upstream:short)%00%(objectname)%00%(upstream:track)%00%(upstream:remotename)%00%(upstream:remoteref) refs/heads/main refs/remotes/main [2ms]
2023-09-22 18:39:39.928 [info] > git status -z -uall [5ms]
2023-09-22 18:39:44.977 [info] > git config --get commit.template [18ms]
2023-09-22 18:39:44.978 [info] > git for-each-ref --format=%(refname)%00%(upstream:short)%00%(objectname)%00%(upstream:track)%00%(upstream:remotename)%00%(upstream:remoteref) refs/heads/main refs/remotes/main [4ms]
2023-09-22 18:39:44.993 [info] > git status -z -uall [6ms]
2023-09-22 18:39:50.028 [info] > git config --get commit.template [3ms]
2023-09-22 18:39:50.044 [info] > git for-each-ref --format=%(refname)%00%(upstream:short)%00%(objectname)%00%(upstream:track)%00%(upstream:remotename)%00%(upstream:remoteref) refs/heads/ArielDiaz refs/remotes/ArielDiaz [3ms]
2023-09-22 18:39:50.061 [info] > git status -z -uall [5ms]
2023-09-22 18:39:50.101 [info] > git ls-files --stage -- /opt/lampp/htdocs/colegio/olimpiadas2023/src/pages/ajax.php [7ms]
2023-09-22 18:39:50.114 [info] > git show --textconv :src/pages/ajax.php [1ms]
2023-09-22 18:39:55.091 [info] > git config --get commit.template [2ms]
2023-09-22 18:39:55.100 [info] > git for-each-ref --format=%(refname)%00%(upstream:short)%00%(objectname)%00%(upstream:track)%00%(upstream:remotename)%00%(upstream:remoteref) refs/heads/ArielDiaz refs/remotes/ArielDiaz [1ms]
2023-09-22 18:39:55.111 [info] > git status -z -uall [4ms]
2023-09-22 18:39:58.311 [info] > git ls-files --stage -- /opt/lampp/htdocs/colegio/olimpiadas2023/src/pages/ajax.php [3ms]
2023-09-22 18:39:58.325 [info] > git show --textconv :src/pages/ajax.php [2ms]
2023-09-22 18:40:00.150 [info] > git config --get commit.template [11ms]
2023-09-22 18:40:00.151 [info] > git for-each-ref --format=%(refname)%00%(upstream:short)%00%(objectname)%00%(upstream:track)%00%(upstream:remotename)%00%(upstream:remoteref) refs/heads/main refs/remotes/main [2ms]
2023-09-22 18:40:00.163 [info] > git status -z -uall [4ms]
2023-09-22 18:40:05.185 [info] > git config --get commit.template [1ms]
2023-09-22 18:40:05.193 [info] > git for-each-ref --format=%(refname)%00%(upstream:short)%00%(objectname)%00%(upstream:track)%00%(upstream:remotename)%00%(upstream:remoteref) refs/heads/main refs/remotes/main [1ms]
2023-09-22 18:40:05.204 [info] > git status -z -uall [4ms]
2023-09-22 18:40:06.976 [info] > git ls-files --stage -- /opt/lampp/htdocs/colegio/olimpiadas2023/src/pages/ajax.php [3ms]
2023-09-22 18:40:06.989 [info] > git cat-file -s ff1a590bfe105bd92e60ea59b4d67ae1c88da62b [3ms]
2023-09-22 18:40:07.001 [info] > git show --textconv :src/pages/ajax.php [2ms]
2023-09-22 18:40:10.247 [info] > git config --get commit.template [12ms]
2023-09-22 18:40:10.249 [info] > git for-each-ref --format=%(refname)%00%(upstream:short)%00%(objectname)%00%(upstream:track)%00%(upstream:remotename)%00%(upstream:remoteref) refs/heads/main refs/remotes/main [3ms]
2023-09-22 18:40:10.276 [info] > git status -z -uall [15ms]
2023-09-22 18:40:15.316 [info] > git config --get commit.template [14ms]
2023-09-22 18:40:15.317 [info] > git for-each-ref --format=%(refname)%00%(upstream:short)%00%(objectname)%00%(upstream:track)%00%(upstream:remotename)%00%(upstream:remoteref) refs/heads/main refs/remotes/main [3ms]
2023-09-22 18:40:15.348 [info] > git status -z -uall [22ms]
2023-09-22 18:40:20.379 [info] > git config --get commit.template [1ms]
2023-09-22 18:40:20.391 [info] > git for-each-ref --format=%(refname)%00%(upstream:short)%00%(objectname)%00%(upstream:track)%00%(upstream:remotename)%00%(upstream:remoteref) refs/heads/main refs/remotes/main [3ms]
2023-09-22 18:40:20.415 [info] > git status -z -uall [15ms]
2023-09-22 18:40:25.462 [info] > git config --get commit.template [12ms]
2023-09-22 18:40:25.463 [info] > git for-each-ref --format=%(refname)%00%(upstream:short)%00%(objectname)%00%(upstream:track)%00%(upstream:remotename)%00%(upstream:remoteref) refs/heads/main refs/remotes/main [2ms]
2023-09-22 18:40:25.490 [info] > git status -z -uall [18ms]
2023-09-22 18:40:26.782 [info] > git ls-files --stage -- /opt/lampp/htdocs/colegio/olimpiadas2023/src/pages/ajax.php [4ms]
2023-09-22 18:40:26.799 [info] > git cat-file -s ff1a590bfe105bd92e60ea59b4d67ae1c88da62b [4ms]
2023-09-22 18:40:26.816 [info] > git show --textconv :src/pages/ajax.php [2ms]
2023-09-22 18:40:30.518 [info] > git config --get commit.template [1ms]
2023-09-22 18:40:30.532 [info] > git for-each-ref --format=%(refname)%00%(upstream:short)%00%(objectname)%00%(upstream:track)%00%(upstream:remotename)%00%(upstream:remoteref) refs/heads/main refs/remotes/main [3ms]
2023-09-22 18:40:30.560 [info] > git status -z -uall [17ms]
2023-09-22 18:40:35.592 [info] > git config --get commit.template [10ms]
2023-09-22 18:40:35.593 [info] > git for-each-ref --format=%(refname)%00%(upstream:short)%00%(objectname)%00%(upstream:track)%00%(upstream:remotename)%00%(upstream:remoteref) refs/heads/main refs/remotes/main [3ms]
2023-09-22 18:40:35.615 [info] > git status -z -uall [15ms]
2023-09-22 18:40:40.642 [info] > git config --get commit.template [2ms]
2023-09-22 18:40:40.654 [info] > git for-each-ref --format=%(refname)%00%(upstream:short)%00%(objectname)%00%(upstream:track)%00%(upstream:remotename)%00%(upstream:remoteref) refs/heads/main refs/remotes/main [2ms]
2023-09-22 18:40:40.677 [info] > git status -z -uall [15ms]
2023-09-22 18:40:45.712 [info] > git config --get commit.template [3ms]
2023-09-22 18:40:45.723 [info] > git for-each-ref --format=%(refname)%00%(upstream:short)%00%(objectname)%00%(upstream:track)%00%(upstream:remotename)%00%(upstream:remoteref) refs/heads/main refs/remotes/main [3ms]
2023-09-22 18:40:45.753 [info] > git status -z -uall [20ms]
2023-09-22 18:40:50.799 [info] > git config --get commit.template [18ms]
2023-09-22 18:40:50.800 [info] > git for-each-ref --format=%(refname)%00%(upstream:short)%00%(objectname)%00%(upstream:track)%00%(upstream:remotename)%00%(upstream:remoteref) refs/heads/main refs/remotes/main [3ms]
2023-09-22 18:40:50.827 [info] > git status -z -uall [16ms]
2023-09-22 18:40:55.876 [info] > git config --get commit.template [18ms]
2023-09-22 18:40:55.877 [info] > git for-each-ref --format=%(refname)%00%(upstream:short)%00%(objectname)%00%(upstream:track)%00%(upstream:remotename)%00%(upstream:remoteref) refs/heads/main refs/remotes/main [2ms]
2023-09-22 18:40:55.904 [info] > git status -z -uall [16ms]
2023-09-22 18:41:00.940 [info] > git config --get commit.template [11ms]
2023-09-22 18:41:00.943 [info] > git for-each-ref --format=%(refname)%00%(upstream:short)%00%(objectname)%00%(upstream:track)%00%(upstream:remotename)%00%(upstream:remoteref) refs/heads/main refs/remotes/main [4ms]
2023-09-22 18:41:00.968 [info] > git status -z -uall [15ms]
2023-09-22 18:41:06.004 [info] > git config --get commit.template [4ms]
2023-09-22 18:41:06.018 [info] > git for-each-ref --format=%(refname)%00%(upstream:short)%00%(objectname)%00%(upstream:track)%00%(upstream:remotename)%00%(upstream:remoteref) refs/heads/main refs/remotes/main [2ms]
2023-09-22 18:41:06.041 [info] > git status -z -uall [16ms]
2023-09-22 18:41:11.066 [info] > git config --get commit.template [1ms]
2023-09-22 18:41:11.081 [info] > git for-each-ref --format=%(refname)%00%(upstream:short)%00%(objectname)%00%(upstream:track)%00%(upstream:remotename)%00%(upstream:remoteref) refs/heads/main refs/remotes/main [3ms]
2023-09-22 18:41:11.107 [info] > git status -z -uall [16ms]
2023-09-22 18:41:16.132 [info] > git config --get commit.template [1ms]
2023-09-22 18:41:16.144 [info] > git for-each-ref --format=%(refname)%00%(upstream:short)%00%(objectname)%00%(upstream:track)%00%(upstream:remotename)%00%(upstream:remoteref) refs/heads/main refs/remotes/main [2ms]
2023-09-22 18:41:16.169 [info] > git status -z -uall [16ms]
2023-09-22 18:41:21.200 [info] > git config --get commit.template [12ms]
2023-09-22 18:41:21.201 [info] > git for-each-ref --format=%(refname)%00%(upstream:short)%00%(objectname)%00%(upstream:track)%00%(upstream:remotename)%00%(upstream:remoteref) refs/heads/main refs/remotes/main [4ms]
2023-09-22 18:41:21.230 [info] > git status -z -uall [17ms]
2023-09-22 18:41:26.271 [info] > git config --get commit.template [12ms]
2023-09-22 18:41:26.273 [info] > git for-each-ref --format=%(refname)%00%(upstream:short)%00%(objectname)%00%(upstream:track)%00%(upstream:remotename)%00%(upstream:remoteref) refs/heads/main refs/remotes/main [4ms]
2023-09-22 18:41:26.304 [info] > git status -z -uall [17ms]
2023-09-22 18:41:31.331 [info] > git config --get commit.template [2ms]
2023-09-22 18:41:31.344 [info] > git for-each-ref --format=%(refname)%00%(upstream:short)%00%(objectname)%00%(upstream:track)%00%(upstream:remotename)%00%(upstream:remoteref) refs/heads/main refs/remotes/main [1ms]
2023-09-22 18:41:31.367 [info] > git status -z -uall [16ms]
2023-09-22 18:42:52.406 [info] > git config --get commit.template [22ms]
2023-09-22 18:42:52.409 [info] > git for-each-ref --format=%(refname)%00%(upstream:short)%00%(objectname)%00%(upstream:track)%00%(upstream:remotename)%00%(upstream:remoteref) refs/heads/main refs/remotes/main [7ms]
2023-09-22 18:42:52.463 [info] > git status -z -uall [44ms]
2023-09-22 18:42:57.508 [info] > git config --get commit.template [16ms]
2023-09-22 18:42:57.508 [info] > git for-each-ref --format=%(refname)%00%(upstream:short)%00%(objectname)%00%(upstream:track)%00%(upstream:remotename)%00%(upstream:remoteref) refs/heads/main refs/remotes/main [2ms]
2023-09-22 18:42:57.532 [info] > git status -z -uall [16ms]
2023-09-22 18:43:05.925 [info] > git config --get commit.template [13ms]
2023-09-22 18:43:05.928 [info] > git for-each-ref --format=%(refname)%00%(upstream:short)%00%(objectname)%00%(upstream:track)%00%(upstream:remotename)%00%(upstream:remoteref) refs/heads/main refs/remotes/main [4ms]
2023-09-22 18:43:05.957 [info] > git status -z -uall [19ms]
2023-09-22 18:43:10.999 [info] > git config --get commit.template [18ms]
2023-09-22 18:43:10.999 [info] > git for-each-ref --format=%(refname)%00%(upstream:short)%00%(objectname)%00%(upstream:track)%00%(upstream:remotename)%00%(upstream:remoteref) refs/heads/main refs/remotes/main [4ms]
2023-09-22 18:43:11.024 [info] > git status -z -uall [16ms]
2023-09-22 18:43:16.059 [info] > git config --get commit.template [15ms]
2023-09-22 18:43:16.060 [info] > git for-each-ref --format=%(refname)%00%(upstream:short)%00%(objectname)%00%(upstream:track)%00%(upstream:remotename)%00%(upstream:remoteref) refs/heads/main refs/remotes/main [2ms]
2023-09-22 18:43:16.084 [info] > git status -z -uall [16ms]
2023-09-22 18:43:21.127 [info] > git config --get commit.template [16ms]
2023-09-22 18:43:21.129 [info] > git for-each-ref --format=%(refname)%00%(upstream:short)%00%(objectname)%00%(upstream:track)%00%(upstream:remotename)%00%(upstream:remoteref) refs/heads/main refs/remotes/main [5ms]
2023-09-22 18:43:21.159 [info] > git status -z -uall [17ms]
2023-09-22 18:43:26.181 [info] > git config --get commit.template [2ms]
2023-09-22 18:43:26.191 [info] > git for-each-ref --format=%(refname)%00%(upstream:short)%00%(objectname)%00%(upstream:track)%00%(upstream:remotename)%00%(upstream:remoteref) refs/heads/main refs/remotes/main [2ms]
2023-09-22 18:43:26.219 [info] > git status -z -uall [19ms]
2023-09-22 18:43:31.247 [info] > git config --get commit.template [2ms]
2023-09-22 18:43:31.259 [info] > git for-each-ref --format=%(refname)%00%(upstream:short)%00%(objectname)%00%(upstream:track)%00%(upstream:remotename)%00%(upstream:remoteref) refs/heads/main refs/remotes/main [3ms]
2023-09-22 18:43:31.285 [info] > git status -z -uall [16ms]
2023-09-22 18:43:36.321 [info] > git config --get commit.template [10ms]
2023-09-22 18:43:36.322 [info] > git for-each-ref --format=%(refname)%00%(upstream:short)%00%(objectname)%00%(upstream:track)%00%(upstream:remotename)%00%(upstream:remoteref) refs/heads/main refs/remotes/main [1ms]
2023-09-22 18:43:36.345 [info] > git status -z -uall [17ms]
2023-09-22 18:43:41.385 [info] > git config --get commit.template [8ms]
2023-09-22 18:43:41.385 [info] > git for-each-ref --format=%(refname)%00%(upstream:short)%00%(objectname)%00%(upstream:track)%00%(upstream:remotename)%00%(upstream:remoteref) refs/heads/main refs/remotes/main [1ms]
2023-09-22 18:43:41.409 [info] > git status -z -uall [17ms]
2023-09-22 18:43:46.439 [info] > git config --get commit.template [2ms]
2023-09-22 18:43:46.448 [info] > git for-each-ref --format=%(refname)%00%(upstream:short)%00%(objectname)%00%(upstream:track)%00%(upstream:remotename)%00%(upstream:remoteref) refs/heads/main refs/remotes/main [2ms]
2023-09-22 18:43:46.471 [info] > git status -z -uall [15ms]
2023-09-22 18:43:51.510 [info] > git config --get commit.template [11ms]
2023-09-22 18:43:51.511 [info] > git for-each-ref --format=%(refname)%00%(upstream:short)%00%(objectname)%00%(upstream:track)%00%(upstream:remotename)%00%(upstream:remoteref) refs/heads/main refs/remotes/main [2ms]
2023-09-22 18:43:51.534 [info] > git status -z -uall [16ms]
2023-09-22 18:43:56.576 [info] > git config --get commit.template [13ms]
2023-09-22 18:43:56.577 [info] > git for-each-ref --format=%(refname)%00%(upstream:short)%00%(objectname)%00%(upstream:track)%00%(upstream:remotename)%00%(upstream:remoteref) refs/heads/main refs/remotes/main [2ms]
2023-09-22 18:43:56.600 [info] > git status -z -uall [16ms]
2023-09-22 18:44:01.644 [info] > git config --get commit.template [11ms]
2023-09-22 18:44:01.644 [info] > git for-each-ref --format=%(refname)%00%(upstream:short)%00%(objectname)%00%(upstream:track)%00%(upstream:remotename)%00%(upstream:remoteref) refs/heads/main refs/remotes/main [1ms]
2023-09-22 18:44:01.667 [info] > git status -z -uall [16ms]
2023-09-22 18:44:06.713 [info] > git config --get commit.template [14ms]
2023-09-22 18:44:06.714 [info] > git for-each-ref --format=%(refname)%00%(upstream:short)%00%(objectname)%00%(upstream:track)%00%(upstream:remotename)%00%(upstream:remoteref) refs/heads/main refs/remotes/main [3ms]
2023-09-22 18:44:06.738 [info] > git status -z -uall [15ms]
2023-09-22 18:44:11.781 [info] > git config --get commit.template [15ms]
2023-09-22 18:44:11.782 [info] > git for-each-ref --format=%(refname)%00%(upstream:short)%00%(objectname)%00%(upstream:track)%00%(upstream:remotename)%00%(upstream:remoteref) refs/heads/main refs/remotes/main [2ms]
2023-09-22 18:44:11.807 [info] > git status -z -uall [15ms]
2023-09-22 18:44:16.852 [info] > git config --get commit.template [14ms]
2023-09-22 18:44:16.853 [info] > git for-each-ref --format=%(refname)%00%(upstream:short)%00%(objectname)%00%(upstream:track)%00%(upstream:remotename)%00%(upstream:remoteref) refs/heads/main refs/remotes/main [2ms]
2023-09-22 18:44:16.876 [info] > git status -z -uall [16ms]
2023-09-22 18:44:21.902 [info] > git config --get commit.template [8ms]
2023-09-22 18:44:21.903 [info] > git for-each-ref --format=%(refname)%00%(upstream:short)%00%(objectname)%00%(upstream:track)%00%(upstream:remotename)%00%(upstream:remoteref) refs/heads/main refs/remotes/main [2ms]
2023-09-22 18:44:21.926 [info] > git status -z -uall [16ms]
2023-09-22 18:44:26.959 [info] > git config --get commit.template [14ms]
2023-09-22 18:44:26.962 [info] > git for-each-ref --format=%(refname)%00%(upstream:short)%00%(objectname)%00%(upstream:track)%00%(upstream:remotename)%00%(upstream:remoteref) refs/heads/main refs/remotes/main [4ms]
2023-09-22 18:44:26.995 [info] > git status -z -uall [24ms]
2023-09-22 18:44:32.036 [info] > git config --get commit.template [10ms]
2023-09-22 18:44:32.037 [info] > git for-each-ref --format=%(refname)%00%(upstream:short)%00%(objectname)%00%(upstream:track)%00%(upstream:remotename)%00%(upstream:remoteref) refs/heads/main refs/remotes/main [2ms]
2023-09-22 18:44:32.060 [info] > git status -z -uall [16ms]
2023-09-22 18:44:35.660 [info] Log level: Info
2023-09-22 18:44:35.660 [info] Validating found git in: "git"
2023-09-22 18:44:35.660 [info] Using git "2.30.2" from "git"
2023-09-22 18:44:35.660 [info] > git rev-parse --show-toplevel [5ms]
2023-09-22 18:44:35.660 [info] > git rev-parse --git-dir --git-common-dir [16ms]
2023-09-22 18:44:35.660 [info] Open repository: /opt/lampp/htdocs/colegio/olimpiadas2023
2023-09-22 18:44:35.660 [info] > git config --get commit.template [8ms]
2023-09-22 18:44:35.660 [info] > git rev-parse --show-toplevel [16ms]
2023-09-22 18:44:35.660 [info] > git for-each-ref --format=%(refname)%00%(upstream:short)%00%(objectname)%00%(upstream:track)%00%(upstream:remotename)%00%(upstream:remoteref) refs/heads/main refs/remotes/main [15ms]
2023-09-22 18:44:35.660 [info] > git rev-parse --show-toplevel [17ms]
2023-09-22 18:44:35.660 [info] > git rev-parse --show-toplevel [1ms]
2023-09-22 18:44:35.660 [info] > git rev-parse --show-toplevel [6ms]
2023-09-22 18:44:35.660 [info] > git rev-parse --show-toplevel [2ms]
2023-09-22 18:44:35.660 [info] > git status -z -uall [58ms]
2023-09-22 18:44:35.660 [info] > git rev-parse --show-toplevel [54ms]
2023-09-22 18:44:35.660 [info] > git config --get commit.template [22ms]
2023-09-22 18:44:35.660 [info] > git rev-parse --show-toplevel [31ms]
2023-09-22 18:44:35.884 [info] > git rev-parse --show-toplevel [216ms]
2023-09-22 18:44:35.884 [info] > git for-each-ref --format=%(refname)%00%(upstream:short)%00%(objectname)%00%(upstream:track)%00%(upstream:remotename)%00%(upstream:remoteref) refs/heads/main refs/remotes/main [232ms]
2023-09-22 18:44:35.936 [info] > git status -z -uall [35ms]
2023-09-22 18:44:36.001 [info] > git rev-parse --show-toplevel [65ms]
2023-09-22 18:44:36.021 [info] > git rev-parse --show-toplevel [2ms]
2023-09-22 18:44:36.028 [info] > git rev-parse --show-toplevel [1ms]
2023-09-22 18:44:36.034 [info] > git rev-parse --show-toplevel [1ms]
2023-09-22 18:44:36.041 [info] > git rev-parse --show-toplevel [1ms]
2023-09-22 18:44:36.140 [info] > git rev-parse --show-toplevel [93ms]
2023-09-22 18:44:36.156 [info] > git rev-parse --show-toplevel [1ms]
2023-09-22 18:44:36.163 [info] > git rev-parse --show-toplevel [1ms]
2023-09-22 18:44:36.171 [info] > git rev-parse --show-toplevel [1ms]
2023-09-22 18:44:36.183 [info] > git rev-parse --show-toplevel [2ms]
2023-09-22 18:44:36.190 [info] > git rev-parse --show-toplevel [1ms]
2023-09-22 18:44:36.199 [info] > git rev-parse --show-toplevel [1ms]
2023-09-22 18:44:36.212 [info] > git rev-parse --show-toplevel [1ms]
2023-09-22 18:44:36.509 [info] > git check-ignore -v -z --stdin [7ms]
2023-09-22 18:44:39.728 [info] > git show --textconv :src/pages/ajax.php [14ms]
2023-09-22 18:44:39.732 [info] > git ls-files --stage -- /opt/lampp/htdocs/colegio/olimpiadas2023/src/pages/ajax.php [5ms]
2023-09-22 18:44:39.750 [info] > git cat-file -s ff1a590bfe105bd92e60ea59b4d67ae1c88da62b [8ms]
2023-09-22 18:44:41.286 [info] > git config --get commit.template [15ms]
2023-09-22 18:44:41.288 [info] > git for-each-ref --format=%(refname)%00%(upstream:short)%00%(objectname)%00%(upstream:track)%00%(upstream:remotename)%00%(upstream:remoteref) refs/heads/main refs/remotes/main [3ms]
2023-09-22 18:44:41.318 [info] > git status -z -uall [18ms]
2023-09-22 18:44:46.353 [info] > git config --get commit.template [3ms]
2023-09-22 18:44:46.363 [info] > git for-each-ref --format=%(refname)%00%(upstream:short)%00%(objectname)%00%(upstream:track)%00%(upstream:remotename)%00%(upstream:remoteref) refs/heads/main refs/remotes/main [2ms]
2023-09-22 18:44:46.387 [info] > git status -z -uall [16ms]
2023-09-22 18:44:51.429 [info] > git config --get commit.template [11ms]
2023-09-22 18:44:51.430 [info] > git for-each-ref --format=%(refname)%00%(upstream:short)%00%(objectname)%00%(upstream:track)%00%(upstream:remotename)%00%(upstream:remoteref) refs/heads/main refs/remotes/main [2ms]
2023-09-22 18:44:51.455 [info] > git status -z -uall [17ms]
2023-09-22 18:44:56.494 [info] > git config --get commit.template [11ms]
2023-09-22 18:44:56.496 [info] > git for-each-ref --format=%(refname)%00%(upstream:short)%00%(objectname)%00%(upstream:track)%00%(upstream:remotename)%00%(upstream:remoteref) refs/heads/main refs/remotes/main [3ms]
2023-09-22 18:44:56.523 [info] > git status -z -uall [17ms]
2023-09-22 18:45:32.342 [info] > git config --get commit.template [12ms]
2023-09-22 18:45:32.346 [info] > git for-each-ref --format=%(refname)%00%(upstream:short)%00%(objectname)%00%(upstream:track)%00%(upstream:remotename)%00%(upstream:remoteref) refs/heads/main refs/remotes/main [5ms]
2023-09-22 18:45:32.376 [info] > git status -z -uall [20ms]
2023-09-22 18:45:57.667 [info] > git config --get commit.template [12ms]
2023-09-22 18:45:57.672 [info] > git for-each-ref --format=%(refname)%00%(upstream:short)%00%(objectname)%00%(upstream:track)%00%(upstream:remotename)%00%(upstream:remoteref) refs/heads/main refs/remotes/main [6ms]
2023-09-22 18:45:57.701 [info] > git status -z -uall [14ms]
2023-09-22 18:46:01.646 [info] > git check-ignore -v -z --stdin [2ms]
2023-09-22 18:46:02.747 [info] > git config --get commit.template [14ms]
2023-09-22 18:46:02.749 [info] > git for-each-ref --format=%(refname)%00%(upstream:short)%00%(objectname)%00%(upstream:track)%00%(upstream:remotename)%00%(upstream:remoteref) refs/heads/main refs/remotes/main [3ms]
2023-09-22 18:46:02.792 [info] > git status -z -uall [16ms]
2023-09-22 18:46:03.286 [info] > git show --textconv :token.txt [13ms]
2023-09-22 18:46:03.291 [info] > git ls-files --stage -- /opt/lampp/htdocs/colegio/olimpiadas2023/token.txt [6ms]
2023-09-22 18:46:03.303 [info] > git cat-file -s 1a12e0286b612be4d12a598e34bd1145d83c11f8 [2ms]
2023-09-22 18:47:34.229 [info] > git for-each-ref --format=%(refname)%00%(upstream:short)%00%(objectname)%00%(upstream:track)%00%(upstream:remotename)%00%(upstream:remoteref) refs/heads/main refs/remotes/main [17ms]
2023-09-22 18:47:34.230 [info] > git config --get commit.template [29ms]
2023-09-22 18:47:34.258 [info] > git status -z -uall [10ms]
2023-09-22 18:47:36.179 [info] > git show --textconv :token.txt [21ms]
2023-09-22 18:47:36.183 [info] > git ls-files --stage -- /opt/lampp/htdocs/colegio/olimpiadas2023/token.txt [6ms]
2023-09-22 18:47:36.198 [info] > git cat-file -s 1a12e0286b612be4d12a598e34bd1145d83c11f8 [4ms]
2023-09-22 18:47:39.303 [info] > git config --get commit.template [16ms]
2023-09-22 18:47:39.304 [info] > git for-each-ref --format=%(refname)%00%(upstream:short)%00%(objectname)%00%(upstream:track)%00%(upstream:remotename)%00%(upstream:remoteref) refs/heads/main refs/remotes/main [3ms]
2023-09-22 18:47:39.330 [info] > git status -z -uall [17ms]
2023-09-22 18:48:24.254 [info] > git config --get commit.template [10ms]
2023-09-22 18:48:24.274 [info] > git for-each-ref --format=%(refname)%00%(upstream:short)%00%(objectname)%00%(upstream:track)%00%(upstream:remotename)%00%(upstream:remoteref) refs/heads/main refs/remotes/main [21ms]
2023-09-22 18:48:24.300 [info] > git status -z -uall [19ms]
