2023-09-22 12:52:01.273 [info] Log level: Info
2023-09-22 12:52:01.273 [info] Validating found git in: "git"
2023-09-22 12:52:01.273 [info] Using git "2.30.2" from "git"
2023-09-22 12:52:01.273 [info] > git rev-parse --show-toplevel [9ms]
2023-09-22 12:52:01.273 [info] fatal: not a git repository (or any of the parent directories): .git
2023-09-22 12:52:01.273 [info] > git rev-parse --show-toplevel [4ms]
2023-09-22 12:52:01.273 [info] fatal: not a git repository (or any of the parent directories): .git
2023-09-22 12:52:01.286 [info] > git rev-parse --show-toplevel [5ms]
2023-09-22 12:52:01.286 [info] fatal: not a git repository (or any of the parent directories): .git
2023-09-22 12:52:01.302 [info] > git rev-parse --show-toplevel [2ms]
2023-09-22 12:52:01.302 [info] fatal: not a git repository (or any parent up to mount point /)
Stopping at filesystem boundary (GIT_DISCOVERY_ACROSS_FILESYSTEM not set).
2023-09-22 12:52:01.310 [info] > git rev-parse --show-toplevel [1ms]
2023-09-22 12:52:01.310 [info] fatal: not a git repository (or any of the parent directories): .git
2023-09-22 12:52:01.321 [info] > git rev-parse --show-toplevel [1ms]
2023-09-22 12:52:01.321 [info] fatal: not a git repository (or any of the parent directories): .git
2023-09-22 12:52:01.328 [info] > git rev-parse --show-toplevel [1ms]
2023-09-22 12:52:01.328 [info] fatal: not a git repository (or any of the parent directories): .git
2023-09-22 12:52:01.337 [info] > git rev-parse --show-toplevel [2ms]
2023-09-22 12:52:01.337 [info] fatal: not a git repository (or any of the parent directories): .git
2023-09-22 12:52:01.344 [info] > git rev-parse --show-toplevel [2ms]
2023-09-22 12:52:01.344 [info] fatal: not a git repository (or any of the parent directories): .git
2023-09-22 12:52:01.352 [info] > git rev-parse --show-toplevel [1ms]
2023-09-22 12:52:01.352 [info] fatal: not a git repository (or any of the parent directories): .git
2023-09-22 12:52:01.360 [info] > git rev-parse --show-toplevel [2ms]
2023-09-22 12:52:01.361 [info] fatal: not a git repository (or any parent up to mount point /)
Stopping at filesystem boundary (GIT_DISCOVERY_ACROSS_FILESYSTEM not set).
2023-09-22 12:52:01.369 [info] > git rev-parse --show-toplevel [1ms]
2023-09-22 12:52:01.369 [info] fatal: not a git repository (or any of the parent directories): .git
2023-09-22 12:52:01.376 [info] > git rev-parse --show-toplevel [1ms]
2023-09-22 12:52:01.376 [info] fatal: not a git repository (or any parent up to mount point /)
Stopping at filesystem boundary (GIT_DISCOVERY_ACROSS_FILESYSTEM not set).
2023-09-22 12:52:01.383 [info] > git rev-parse --show-toplevel [1ms]
2023-09-22 12:52:01.383 [info] fatal: not a git repository (or any of the parent directories): .git
2023-09-22 12:52:01.390 [info] > git rev-parse --show-toplevel [1ms]
2023-09-22 12:52:01.390 [info] fatal: not a git repository (or any of the parent directories): .git
2023-09-22 12:52:01.397 [info] > git rev-parse --show-toplevel [1ms]
2023-09-22 12:52:01.397 [info] fatal: not a git repository (or any parent up to mount point /)
Stopping at filesystem boundary (GIT_DISCOVERY_ACROSS_FILESYSTEM not set).
2023-09-22 12:52:01.405 [info] > git rev-parse --show-toplevel [2ms]
2023-09-22 12:52:01.405 [info] fatal: not a git repository (or any of the parent directories): .git
2023-09-22 12:52:01.412 [info] > git rev-parse --show-toplevel [2ms]
2023-09-22 12:52:01.412 [info] fatal: not a git repository (or any of the parent directories): .git
2023-09-22 12:52:01.420 [info] > git rev-parse --show-toplevel [2ms]
2023-09-22 12:52:01.420 [info] fatal: not a git repository (or any of the parent directories): .git
