2023-09-22 12:53:38.903 [info] Log level: Info
2023-09-22 12:53:38.903 [info] Validating found git in: "git"
2023-09-22 12:53:38.952 [info] Using git "2.30.2" from "git"
2023-09-22 12:53:38.988 [info] > git rev-parse --show-toplevel [7ms]
2023-09-22 12:53:38.988 [info] fatal: not a git repository (or any of the parent directories): .git
2023-09-22 12:53:39.006 [info] > git rev-parse --show-toplevel [2ms]
2023-09-22 12:53:39.007 [info] fatal: not a git repository (or any of the parent directories): .git
2023-09-22 12:53:39.033 [info] > git rev-parse --show-toplevel [5ms]
2023-09-22 12:53:39.034 [info] fatal: not a git repository (or any of the parent directories): .git
2023-09-22 12:53:39.095 [info] > git rev-parse --show-toplevel [19ms]
2023-09-22 12:53:39.095 [info] fatal: not a git repository (or any parent up to mount point /)
Stopping at filesystem boundary (GIT_DISCOVERY_ACROSS_FILESYSTEM not set).
2023-09-22 12:53:39.107 [info] > git rev-parse --show-toplevel [3ms]
2023-09-22 12:53:39.107 [info] fatal: not a git repository (or any of the parent directories): .git
2023-09-22 12:53:39.145 [info] > git rev-parse --show-toplevel [4ms]
2023-09-22 12:53:39.145 [info] fatal: not a git repository (or any of the parent directories): .git
2023-09-22 12:53:39.192 [info] > git rev-parse --show-toplevel [3ms]
2023-09-22 12:53:39.192 [info] fatal: not a git repository (or any of the parent directories): .git
2023-09-22 12:53:39.216 [info] > git rev-parse --show-toplevel [1ms]
2023-09-22 12:53:39.217 [info] fatal: not a git repository (or any of the parent directories): .git
2023-09-22 12:53:39.227 [info] > git rev-parse --show-toplevel [2ms]
2023-09-22 12:53:39.227 [info] fatal: not a git repository (or any of the parent directories): .git
2023-09-22 12:53:39.273 [info] > git rev-parse --show-toplevel [9ms]
2023-09-22 12:53:39.273 [info] fatal: not a git repository (or any of the parent directories): .git
2023-09-22 12:53:39.295 [info] > git rev-parse --show-toplevel [1ms]
2023-09-22 12:53:39.295 [info] fatal: not a git repository (or any parent up to mount point /)
Stopping at filesystem boundary (GIT_DISCOVERY_ACROSS_FILESYSTEM not set).
2023-09-22 12:53:39.313 [info] > git rev-parse --show-toplevel [1ms]
2023-09-22 12:53:39.313 [info] fatal: not a git repository (or any of the parent directories): .git
2023-09-22 12:53:39.345 [info] > git rev-parse --show-toplevel [3ms]
2023-09-22 12:53:39.345 [info] fatal: not a git repository (or any parent up to mount point /)
Stopping at filesystem boundary (GIT_DISCOVERY_ACROSS_FILESYSTEM not set).
2023-09-22 12:53:39.362 [info] > git rev-parse --show-toplevel [4ms]
2023-09-22 12:53:39.362 [info] fatal: not a git repository (or any of the parent directories): .git
2023-09-22 12:53:39.379 [info] > git rev-parse --show-toplevel [5ms]
2023-09-22 12:53:39.379 [info] fatal: not a git repository (or any of the parent directories): .git
2023-09-22 12:53:39.386 [info] > git rev-parse --show-toplevel [1ms]
2023-09-22 12:53:39.386 [info] fatal: not a git repository (or any parent up to mount point /)
Stopping at filesystem boundary (GIT_DISCOVERY_ACROSS_FILESYSTEM not set).
2023-09-22 12:53:39.409 [info] > git rev-parse --show-toplevel [5ms]
2023-09-22 12:53:39.409 [info] fatal: not a git repository (or any of the parent directories): .git
2023-09-22 12:53:39.450 [info] > git rev-parse --show-toplevel [21ms]
2023-09-22 12:53:39.450 [info] fatal: not a git repository (or any of the parent directories): .git
2023-09-22 12:53:39.506 [info] > git rev-parse --show-toplevel [15ms]
2023-09-22 12:53:39.506 [info] fatal: not a git repository (or any of the parent directories): .git
2023-09-22 12:53:39.518 [info] > git rev-parse --show-toplevel [3ms]
2023-09-22 12:53:39.518 [info] fatal: not a git repository (or any of the parent directories): .git
2023-09-22 12:53:39.592 [info] > git rev-parse --show-toplevel [2ms]
2023-09-22 12:53:39.592 [info] fatal: not a git repository (or any of the parent directories): .git
